{"C:\\Users\\dhamm\\Desktop\\To-Do-list\\src\\modules\\add-remove.js": {"path":"C:\\Users\\dhamm\\Desktop\\To-Do-list\\src\\modules\\add-remove.js","statementMap":{"0":{"start":{"line":1,"column":19},"end":{"line":1,"column":21}},"1":{"start":{"line":3,"column":0},"end":{"line":5,"column":1}},"2":{"start":{"line":4,"column":2},"end":{"line":4,"column":58}},"3":{"start":{"line":7,"column":25},"end":{"line":11,"column":1}},"4":{"start":{"line":8,"column":2},"end":{"line":10,"column":3}},"5":{"start":{"line":9,"column":4},"end":{"line":9,"column":57}},"6":{"start":{"line":13,"column":29},"end":{"line":17,"column":1}},"7":{"start":{"line":14,"column":2},"end":{"line":16,"column":5}},"8":{"start":{"line":15,"column":4},"end":{"line":15,"column":27}},"9":{"start":{"line":19,"column":28},"end":{"line":37,"column":1}},"10":{"start":{"line":20,"column":22},"end":{"line":20,"column":65}},"11":{"start":{"line":21,"column":2},"end":{"line":21,"column":29}},"12":{"start":{"line":22,"column":22},"end":{"line":22,"column":61}},"13":{"start":{"line":22,"column":43},"end":{"line":22,"column":60}},"14":{"start":{"line":23,"column":2},"end":{"line":36,"column":5}},"15":{"start":{"line":24,"column":21},"end":{"line":24,"column":50}},"16":{"start":{"line":25,"column":4},"end":{"line":25,"column":32}},"17":{"start":{"line":26,"column":25},"end":{"line":26,"column":56}},"18":{"start":{"line":27,"column":27},"end":{"line":27,"column":67}},"19":{"start":{"line":28,"column":4},"end":{"line":34,"column":6}},"20":{"start":{"line":35,"column":4},"end":{"line":35,"column":38}},"21":{"start":{"line":39,"column":23},"end":{"line":48,"column":1}},"22":{"start":{"line":40,"column":18},"end":{"line":44,"column":3}},"23":{"start":{"line":45,"column":2},"end":{"line":45,"column":22}},"24":{"start":{"line":46,"column":2},"end":{"line":46,"column":17}},"25":{"start":{"line":47,"column":2},"end":{"line":47,"column":14}},"26":{"start":{"line":50,"column":26},"end":{"line":55,"column":1}},"27":{"start":{"line":51,"column":2},"end":{"line":51,"column":25}},"28":{"start":{"line":52,"column":2},"end":{"line":52,"column":18}},"29":{"start":{"line":53,"column":2},"end":{"line":53,"column":17}},"30":{"start":{"line":54,"column":2},"end":{"line":54,"column":14}},"31":{"start":{"line":57,"column":24},"end":{"line":61,"column":1}},"32":{"start":{"line":58,"column":2},"end":{"line":58,"column":44}},"33":{"start":{"line":59,"column":2},"end":{"line":59,"column":17}},"34":{"start":{"line":60,"column":2},"end":{"line":60,"column":14}},"35":{"start":{"line":63,"column":31},"end":{"line":67,"column":1}},"36":{"start":{"line":64,"column":2},"end":{"line":64,"column":51}},"37":{"start":{"line":65,"column":2},"end":{"line":65,"column":17}},"38":{"start":{"line":66,"column":2},"end":{"line":66,"column":14}},"39":{"start":{"line":69,"column":35},"end":{"line":75,"column":1}},"40":{"start":{"line":70,"column":25},"end":{"line":70,"column":63}},"41":{"start":{"line":70,"column":48},"end":{"line":70,"column":62}},"42":{"start":{"line":71,"column":2},"end":{"line":74,"column":5}},"43":{"start":{"line":72,"column":18},"end":{"line":72,"column":37}},"44":{"start":{"line":73,"column":4},"end":{"line":73,"column":22}}},"fnMap":{"0":{"name":"(anonymous_0)","decl":{"start":{"line":7,"column":25},"end":{"line":7,"column":26}},"loc":{"start":{"line":7,"column":31},"end":{"line":11,"column":1}},"line":7},"1":{"name":"(anonymous_1)","decl":{"start":{"line":13,"column":29},"end":{"line":13,"column":30}},"loc":{"start":{"line":13,"column":35},"end":{"line":17,"column":1}},"line":13},"2":{"name":"(anonymous_2)","decl":{"start":{"line":14,"column":16},"end":{"line":14,"column":17}},"loc":{"start":{"line":14,"column":33},"end":{"line":16,"column":3}},"line":14},"3":{"name":"(anonymous_3)","decl":{"start":{"line":19,"column":28},"end":{"line":19,"column":29}},"loc":{"start":{"line":19,"column":34},"end":{"line":37,"column":1}},"line":19},"4":{"name":"(anonymous_4)","decl":{"start":{"line":22,"column":33},"end":{"line":22,"column":34}},"loc":{"start":{"line":22,"column":43},"end":{"line":22,"column":60}},"line":22},"5":{"name":"(anonymous_5)","decl":{"start":{"line":23,"column":22},"end":{"line":23,"column":23}},"loc":{"start":{"line":23,"column":32},"end":{"line":36,"column":3}},"line":23},"6":{"name":"(anonymous_6)","decl":{"start":{"line":39,"column":23},"end":{"line":39,"column":24}},"loc":{"start":{"line":39,"column":40},"end":{"line":48,"column":1}},"line":39},"7":{"name":"(anonymous_7)","decl":{"start":{"line":50,"column":26},"end":{"line":50,"column":27}},"loc":{"start":{"line":50,"column":37},"end":{"line":55,"column":1}},"line":50},"8":{"name":"(anonymous_8)","decl":{"start":{"line":57,"column":24},"end":{"line":57,"column":25}},"loc":{"start":{"line":57,"column":51},"end":{"line":61,"column":1}},"line":57},"9":{"name":"(anonymous_9)","decl":{"start":{"line":63,"column":31},"end":{"line":63,"column":32}},"loc":{"start":{"line":63,"column":42},"end":{"line":67,"column":1}},"line":63},"10":{"name":"(anonymous_10)","decl":{"start":{"line":69,"column":35},"end":{"line":69,"column":36}},"loc":{"start":{"line":69,"column":41},"end":{"line":75,"column":1}},"line":69},"11":{"name":"(anonymous_11)","decl":{"start":{"line":70,"column":38},"end":{"line":70,"column":39}},"loc":{"start":{"line":70,"column":48},"end":{"line":70,"column":62}},"line":70},"12":{"name":"(anonymous_12)","decl":{"start":{"line":71,"column":25},"end":{"line":71,"column":26}},"loc":{"start":{"line":71,"column":35},"end":{"line":74,"column":3}},"line":71}},"branchMap":{"0":{"loc":{"start":{"line":3,"column":0},"end":{"line":5,"column":1}},"type":"if","locations":[{"start":{"line":3,"column":0},"end":{"line":5,"column":1}},{"start":{},"end":{}}],"line":3},"1":{"loc":{"start":{"line":4,"column":10},"end":{"line":4,"column":57}},"type":"binary-expr","locations":[{"start":{"line":4,"column":10},"end":{"line":4,"column":51}},{"start":{"line":4,"column":55},"end":{"line":4,"column":57}}],"line":4},"2":{"loc":{"start":{"line":8,"column":2},"end":{"line":10,"column":3}},"type":"if","locations":[{"start":{"line":8,"column":2},"end":{"line":10,"column":3}},{"start":{},"end":{}}],"line":8},"3":{"loc":{"start":{"line":26,"column":25},"end":{"line":26,"column":56}},"type":"cond-expr","locations":[{"start":{"line":26,"column":42},"end":{"line":26,"column":51}},{"start":{"line":26,"column":54},"end":{"line":26,"column":56}}],"line":26},"4":{"loc":{"start":{"line":27,"column":27},"end":{"line":27,"column":67}},"type":"cond-expr","locations":[{"start":{"line":27,"column":44},"end":{"line":27,"column":58}},{"start":{"line":27,"column":61},"end":{"line":27,"column":67}}],"line":27},"5":{"loc":{"start":{"line":30,"column":89},"end":{"line":30,"column":120}},"type":"cond-expr","locations":[{"start":{"line":30,"column":106},"end":{"line":30,"column":115}},{"start":{"line":30,"column":118},"end":{"line":30,"column":120}}],"line":30}},"s":{"0":1,"1":1,"2":1,"3":1,"4":4,"5":4,"6":1,"7":2,"8":2,"9":1,"10":5,"11":5,"12":5,"13":0,"14":5,"15":5,"16":5,"17":5,"18":5,"19":5,"20":5,"21":1,"22":2,"23":2,"24":2,"25":2,"26":1,"27":2,"28":2,"29":2,"30":2,"31":1,"32":0,"33":0,"34":0,"35":1,"36":0,"37":0,"38":0,"39":1,"40":0,"41":0,"42":0,"43":0,"44":0},"f":{"0":4,"1":2,"2":2,"3":5,"4":0,"5":5,"6":2,"7":2,"8":0,"9":0,"10":0,"11":0,"12":0},"b":{"0":[1,0],"1":[1,1],"2":[4,0],"3":[0,5],"4":[0,5],"5":[0,5]},"_coverageSchema":"1a1c01bbd47fc00a2c39e90264f33305004495a9","hash":"277a78c9ad0123c46d547d871b5c3acae4a9aeb8"}
}
