{"F:\\pair programming\\To-Do-list\\src\\modules\\add-remove.js": {"path":"F:\\pair programming\\To-Do-list\\src\\modules\\add-remove.js","statementMap":{"0":{"start":{"line":1,"column":18},"end":{"line":1,"column":20}},"1":{"start":{"line":3,"column":0},"end":{"line":8,"column":1}},"2":{"start":{"line":4,"column":22},"end":{"line":4,"column":63}},"3":{"start":{"line":5,"column":2},"end":{"line":7,"column":3}},"4":{"start":{"line":6,"column":4},"end":{"line":6,"column":35}},"5":{"start":{"line":10,"column":21},"end":{"line":10,"column":30}},"6":{"start":{"line":11,"column":25},"end":{"line":15,"column":1}},"7":{"start":{"line":12,"column":2},"end":{"line":14,"column":3}},"8":{"start":{"line":13,"column":4},"end":{"line":13,"column":57}},"9":{"start":{"line":17,"column":29},"end":{"line":21,"column":1}},"10":{"start":{"line":18,"column":2},"end":{"line":20,"column":5}},"11":{"start":{"line":19,"column":4},"end":{"line":19,"column":27}},"12":{"start":{"line":23,"column":28},"end":{"line":41,"column":1}},"13":{"start":{"line":24,"column":22},"end":{"line":24,"column":65}},"14":{"start":{"line":25,"column":2},"end":{"line":25,"column":29}},"15":{"start":{"line":26,"column":22},"end":{"line":26,"column":61}},"16":{"start":{"line":26,"column":43},"end":{"line":26,"column":60}},"17":{"start":{"line":27,"column":2},"end":{"line":40,"column":5}},"18":{"start":{"line":28,"column":21},"end":{"line":28,"column":50}},"19":{"start":{"line":29,"column":4},"end":{"line":29,"column":32}},"20":{"start":{"line":30,"column":25},"end":{"line":30,"column":56}},"21":{"start":{"line":31,"column":27},"end":{"line":31,"column":67}},"22":{"start":{"line":32,"column":4},"end":{"line":38,"column":6}},"23":{"start":{"line":39,"column":4},"end":{"line":39,"column":38}},"24":{"start":{"line":43,"column":23},"end":{"line":52,"column":1}},"25":{"start":{"line":44,"column":18},"end":{"line":48,"column":3}},"26":{"start":{"line":49,"column":2},"end":{"line":49,"column":22}},"27":{"start":{"line":50,"column":2},"end":{"line":50,"column":17}},"28":{"start":{"line":51,"column":2},"end":{"line":51,"column":14}},"29":{"start":{"line":54,"column":26},"end":{"line":59,"column":1}},"30":{"start":{"line":55,"column":2},"end":{"line":55,"column":25}},"31":{"start":{"line":56,"column":2},"end":{"line":56,"column":18}},"32":{"start":{"line":57,"column":2},"end":{"line":57,"column":17}},"33":{"start":{"line":58,"column":2},"end":{"line":58,"column":14}},"34":{"start":{"line":61,"column":24},"end":{"line":65,"column":1}},"35":{"start":{"line":62,"column":2},"end":{"line":62,"column":44}},"36":{"start":{"line":63,"column":2},"end":{"line":63,"column":17}},"37":{"start":{"line":64,"column":2},"end":{"line":64,"column":14}},"38":{"start":{"line":67,"column":31},"end":{"line":71,"column":1}},"39":{"start":{"line":68,"column":2},"end":{"line":68,"column":51}},"40":{"start":{"line":69,"column":2},"end":{"line":69,"column":17}},"41":{"start":{"line":70,"column":2},"end":{"line":70,"column":14}},"42":{"start":{"line":73,"column":35},"end":{"line":79,"column":1}},"43":{"start":{"line":74,"column":25},"end":{"line":74,"column":63}},"44":{"start":{"line":74,"column":48},"end":{"line":74,"column":62}},"45":{"start":{"line":75,"column":2},"end":{"line":78,"column":5}},"46":{"start":{"line":76,"column":18},"end":{"line":76,"column":37}},"47":{"start":{"line":77,"column":4},"end":{"line":77,"column":22}}},"fnMap":{"0":{"name":"(anonymous_0)","decl":{"start":{"line":11,"column":25},"end":{"line":11,"column":26}},"loc":{"start":{"line":11,"column":31},"end":{"line":15,"column":1}},"line":11},"1":{"name":"(anonymous_1)","decl":{"start":{"line":17,"column":29},"end":{"line":17,"column":30}},"loc":{"start":{"line":17,"column":35},"end":{"line":21,"column":1}},"line":17},"2":{"name":"(anonymous_2)","decl":{"start":{"line":18,"column":16},"end":{"line":18,"column":17}},"loc":{"start":{"line":18,"column":33},"end":{"line":20,"column":3}},"line":18},"3":{"name":"(anonymous_3)","decl":{"start":{"line":23,"column":28},"end":{"line":23,"column":29}},"loc":{"start":{"line":23,"column":34},"end":{"line":41,"column":1}},"line":23},"4":{"name":"(anonymous_4)","decl":{"start":{"line":26,"column":33},"end":{"line":26,"column":34}},"loc":{"start":{"line":26,"column":43},"end":{"line":26,"column":60}},"line":26},"5":{"name":"(anonymous_5)","decl":{"start":{"line":27,"column":22},"end":{"line":27,"column":23}},"loc":{"start":{"line":27,"column":32},"end":{"line":40,"column":3}},"line":27},"6":{"name":"(anonymous_6)","decl":{"start":{"line":43,"column":23},"end":{"line":43,"column":24}},"loc":{"start":{"line":43,"column":40},"end":{"line":52,"column":1}},"line":43},"7":{"name":"(anonymous_7)","decl":{"start":{"line":54,"column":26},"end":{"line":54,"column":27}},"loc":{"start":{"line":54,"column":37},"end":{"line":59,"column":1}},"line":54},"8":{"name":"(anonymous_8)","decl":{"start":{"line":61,"column":24},"end":{"line":61,"column":25}},"loc":{"start":{"line":61,"column":51},"end":{"line":65,"column":1}},"line":61},"9":{"name":"(anonymous_9)","decl":{"start":{"line":67,"column":31},"end":{"line":67,"column":32}},"loc":{"start":{"line":67,"column":42},"end":{"line":71,"column":1}},"line":67},"10":{"name":"(anonymous_10)","decl":{"start":{"line":73,"column":35},"end":{"line":73,"column":36}},"loc":{"start":{"line":73,"column":41},"end":{"line":79,"column":1}},"line":73},"11":{"name":"(anonymous_11)","decl":{"start":{"line":74,"column":38},"end":{"line":74,"column":39}},"loc":{"start":{"line":74,"column":48},"end":{"line":74,"column":62}},"line":74},"12":{"name":"(anonymous_12)","decl":{"start":{"line":75,"column":25},"end":{"line":75,"column":26}},"loc":{"start":{"line":75,"column":35},"end":{"line":78,"column":3}},"line":75}},"branchMap":{"0":{"loc":{"start":{"line":3,"column":0},"end":{"line":8,"column":1}},"type":"if","locations":[{"start":{"line":3,"column":0},"end":{"line":8,"column":1}},{"start":{},"end":{}}],"line":3},"1":{"loc":{"start":{"line":5,"column":2},"end":{"line":7,"column":3}},"type":"if","locations":[{"start":{"line":5,"column":2},"end":{"line":7,"column":3}},{"start":{},"end":{}}],"line":5},"2":{"loc":{"start":{"line":12,"column":2},"end":{"line":14,"column":3}},"type":"if","locations":[{"start":{"line":12,"column":2},"end":{"line":14,"column":3}},{"start":{},"end":{}}],"line":12},"3":{"loc":{"start":{"line":30,"column":25},"end":{"line":30,"column":56}},"type":"cond-expr","locations":[{"start":{"line":30,"column":42},"end":{"line":30,"column":51}},{"start":{"line":30,"column":54},"end":{"line":30,"column":56}}],"line":30},"4":{"loc":{"start":{"line":31,"column":27},"end":{"line":31,"column":67}},"type":"cond-expr","locations":[{"start":{"line":31,"column":44},"end":{"line":31,"column":58}},{"start":{"line":31,"column":61},"end":{"line":31,"column":67}}],"line":31},"5":{"loc":{"start":{"line":34,"column":89},"end":{"line":34,"column":120}},"type":"cond-expr","locations":[{"start":{"line":34,"column":106},"end":{"line":34,"column":115}},{"start":{"line":34,"column":118},"end":{"line":34,"column":120}}],"line":34}},"s":{"0":1,"1":1,"2":1,"3":1,"4":0,"5":1,"6":1,"7":6,"8":6,"9":1,"10":2,"11":2,"12":1,"13":7,"14":7,"15":7,"16":0,"17":7,"18":7,"19":7,"20":7,"21":7,"22":7,"23":7,"24":1,"25":4,"26":4,"27":4,"28":4,"29":1,"30":2,"31":2,"32":2,"33":2,"34":1,"35":0,"36":0,"37":0,"38":1,"39":0,"40":0,"41":0,"42":1,"43":0,"44":0,"45":0,"46":0,"47":0},"f":{"0":6,"1":2,"2":2,"3":7,"4":0,"5":7,"6":4,"7":2,"8":0,"9":0,"10":0,"11":0,"12":0},"b":{"0":[1,0],"1":[0,1],"2":[6,0],"3":[0,7],"4":[0,7],"5":[0,7]},"_coverageSchema":"1a1c01bbd47fc00a2c39e90264f33305004495a9","hash":"fa0d0ca6831e7333809874965452db3c839544a1"}
}
