TN:
SF:src\modules\add-remove.js
FN:12,(anonymous_0)
FN:18,(anonymous_1)
FN:19,(anonymous_2)
FN:24,(anonymous_3)
FN:27,(anonymous_4)
FN:28,(anonymous_5)
FN:44,(anonymous_6)
FN:55,(anonymous_7)
FN:62,(anonymous_8)
FN:68,(anonymous_9)
FN:74,(anonymous_10)
FN:75,(anonymous_11)
FN:76,(anonymous_12)
FNF:13
FNH:13
FNDA:9,(anonymous_0)
FNDA:5,(anonymous_1)
FNDA:6,(anonymous_2)
FNDA:11,(anonymous_3)
FNDA:1,(anonymous_4)
FNDA:12,(anonymous_5)
FNDA:3,(anonymous_6)
FNDA:4,(anonymous_7)
FNDA:1,(anonymous_8)
FNDA:1,(anonymous_9)
FNDA:1,(anonymous_10)
FNDA:3,(anonymous_11)
FNDA:2,(anonymous_12)
DA:1,1
DA:3,1
DA:4,1
DA:5,1
DA:6,0
DA:10,1
DA:12,1
DA:13,9
DA:14,9
DA:18,1
DA:19,5
DA:20,6
DA:24,1
DA:25,11
DA:26,11
DA:27,11
DA:28,11
DA:29,12
DA:30,12
DA:31,12
DA:32,12
DA:33,12
DA:40,12
DA:44,1
DA:45,3
DA:50,3
DA:51,3
DA:52,3
DA:55,1
DA:56,4
DA:57,4
DA:58,4
DA:59,4
DA:62,1
DA:63,1
DA:64,1
DA:65,1
DA:68,1
DA:69,1
DA:70,1
DA:71,1
DA:74,1
DA:75,3
DA:76,1
DA:77,2
DA:78,2
LF:46
LH:45
BRDA:3,0,0,1
BRDA:3,0,1,0
BRDA:5,1,0,0
BRDA:5,1,1,1
BRDA:13,2,0,9
BRDA:13,2,1,0
BRDA:31,3,0,3
BRDA:31,3,1,9
BRDA:32,4,0,3
BRDA:32,4,1,9
BRDA:35,5,0,3
BRDA:35,5,1,9
BRF:12
BRH:9
end_of_record
