TN:
SF:src\modules\add-remove.js
FN:7,(anonymous_0)
FN:13,(anonymous_1)
FN:14,(anonymous_2)
FN:19,(anonymous_3)
FN:22,(anonymous_4)
FN:23,(anonymous_5)
FN:39,(anonymous_6)
FN:50,(anonymous_7)
FN:57,(anonymous_8)
FN:63,(anonymous_9)
FN:69,(anonymous_10)
FN:70,(anonymous_11)
FN:71,(anonymous_12)
FNF:13
FNH:7
FNDA:6,(anonymous_0)
FNDA:2,(anonymous_1)
FNDA:2,(anonymous_2)
FNDA:7,(anonymous_3)
FNDA:0,(anonymous_4)
FNDA:7,(anonymous_5)
FNDA:4,(anonymous_6)
FNDA:2,(anonymous_7)
FNDA:0,(anonymous_8)
FNDA:0,(anonymous_9)
FNDA:0,(anonymous_10)
FNDA:0,(anonymous_11)
FNDA:0,(anonymous_12)
DA:1,1
DA:3,1
DA:4,1
DA:7,1
DA:8,6
DA:9,6
DA:13,1
DA:14,2
DA:15,2
DA:19,1
DA:20,7
DA:21,7
DA:22,7
DA:23,7
DA:24,7
DA:25,7
DA:26,7
DA:27,7
DA:28,7
DA:35,7
DA:39,1
DA:40,4
DA:45,4
DA:46,4
DA:47,4
DA:50,1
DA:51,2
DA:52,2
DA:53,2
DA:54,2
DA:57,1
DA:58,0
DA:59,0
DA:60,0
DA:63,1
DA:64,0
DA:65,0
DA:66,0
DA:69,1
DA:70,0
DA:71,0
DA:72,0
DA:73,0
LF:43
LH:33
BRDA:3,0,0,1
BRDA:3,0,1,0
BRDA:4,1,0,1
BRDA:4,1,1,1
BRDA:8,2,0,6
BRDA:8,2,1,0
BRDA:26,3,0,0
BRDA:26,3,1,7
BRDA:27,4,0,0
BRDA:27,4,1,7
BRDA:30,5,0,0
BRDA:30,5,1,7
BRF:12
BRH:7
end_of_record
